c:\users\asus\source\repos\proiectpoo\proiectpoo\x64\debug\vc143.pdb
c:\users\asus\source\repos\proiectpoo\proiectpoo\x64\debug\vc143.idb
c:\users\asus\source\repos\proiectpoo\proiectpoo\x64\debug\userprofilefilemanager.obj
c:\users\asus\source\repos\proiectpoo\proiectpoo\x64\debug\userprofile.obj
c:\users\asus\source\repos\proiectpoo\proiectpoo\x64\debug\usermenu.obj
c:\users\asus\source\repos\proiectpoo\proiectpoo\x64\debug\userfilemanager.obj
c:\users\asus\source\repos\proiectpoo\proiectpoo\x64\debug\user.obj
c:\users\asus\source\repos\proiectpoo\proiectpoo\x64\debug\session.obj
c:\users\asus\source\repos\proiectpoo\proiectpoo\x64\debug\main.obj
c:\users\asus\source\repos\proiectpoo\proiectpoo\x64\debug\calculator.obj
c:\users\asus\source\repos\proiectpoo\proiectpoo\x64\debug\proiect_cartuta_rares.obj
c:\users\asus\source\repos\proiectpoo\x64\debug\proiectpoo.exe
c:\users\asus\source\repos\proiectpoo\proiectpoo\x64\debug\proiectpoo.ilk
c:\users\asus\source\repos\proiectpoo\x64\debug\proiectpoo.pdb
c:\users\asus\source\repos\proiectpoo\proiectpoo\x64\debug\proiectpoo.tlog\cl.command.1.tlog
c:\users\asus\source\repos\proiectpoo\proiectpoo\x64\debug\proiectpoo.tlog\cl.read.1.tlog
c:\users\asus\source\repos\proiectpoo\proiectpoo\x64\debug\proiectpoo.tlog\cl.write.1.tlog
c:\users\asus\source\repos\proiectpoo\proiectpoo\x64\debug\proiectpoo.tlog\link.command.1.tlog
c:\users\asus\source\repos\proiectpoo\proiectpoo\x64\debug\proiectpoo.tlog\link.read.1.tlog
c:\users\asus\source\repos\proiectpoo\proiectpoo\x64\debug\proiectpoo.tlog\link.write.1.tlog
